#
# There is insufficient memory for the Java Runtime Environment to continue.
# Native memory allocation (malloc) failed to allocate 32744 bytes for ChunkPool::allocate
# Possible reasons:
#   The system is out of physical RAM or swap space
#   In 32 bit mode, the process size limit was hit
# Possible solutions:
#   Reduce memory load on the system
#   Increase physical memory or swap space
#   Check if swap backing store is full
#   Use 64 bit Java on a 64 bit OS
#   Decrease Java heap size (-Xmx/-Xms)
#   Decrease number of Java threads
#   Decrease Java thread stack sizes (-Xss)
#   Set larger code cache with -XX:ReservedCodeCacheSize=
# This output file may be truncated or incomplete.
#
#  Out of Memory Error (allocation.cpp:273), pid=13056, tid=0x0000000000001730
#
# JRE version: OpenJDK Runtime Environment (8.0_112-b06) (build 1.8.0_112-release-b06)
# Java VM: OpenJDK 64-Bit Server VM (25.112-b06 mixed mode windows-amd64 compressed oops)
# Failed to write core dump. Minidumps are not enabled by default on client versions of Windows
#

---------------  T H R E A D  ---------------

Current thread (0x0000000016598800):  JavaThread "C2 CompilerThread1" daemon [_thread_in_native, id=5936, stack(0x0000000017cd0000,0x0000000017dd0000)]

Stack: [0x0000000017cd0000,0x0000000017dd0000]
[error occurred during error reporting (printing stack bounds), id 0xc0000005]

Native frames: (J=compiled Java code, j=interpreted, Vv=VM code, C=native code)


Current CompileTask:
C2:   3834 1393   !   4       java.net.URLClassLoader$1::run (63 bytes)


---------------  P R O C E S S  ---------------

Java Threads: ( => current thread )
  0x00000000194da800 JavaThread "Stdin handler" [_thread_blocked, id=3992, stack(0x000000001abc0000,0x000000001acc0000)]
  0x00000000190b3000 JavaThread "Asynchronous log dispatcher for DefaultDaemonConnection: socket connection from /127.0.0.1:49289 to /127.0.0.1:49290" [_thread_blocked, id=6084, stack(0x000000001aac0000,0x000000001abc0000)]
  0x0000000019485800 JavaThread "pool-1-thread-1" [_thread_blocked, id=7400, stack(0x000000001a9c0000,0x000000001aac0000)]
  0x0000000019485000 JavaThread "Daemon worker" [_thread_in_Java, id=708, stack(0x000000001a8c0000,0x000000001a9c0000)]
  0x0000000019484800 JavaThread "Cancel handler" [_thread_blocked, id=8656, stack(0x000000001a7c0000,0x000000001a8c0000)]
  0x0000000018f2c000 JavaThread "Handler for socket connection from /127.0.0.1:49289 to /127.0.0.1:49290" [_thread_in_native, id=7140, stack(0x000000001a6c0000,0x000000001a7c0000)]
  0x0000000019350000 JavaThread "Daemon" [_thread_blocked, id=1300, stack(0x000000001a5c0000,0x000000001a6c0000)]
  0x000000001957f800 JavaThread "Incoming local TCP Connector on port 49289" [_thread_in_native, id=4864, stack(0x000000001a1e0000,0x000000001a2e0000)]
  0x00000000165fe000 JavaThread "Service Thread" daemon [_thread_blocked, id=13104, stack(0x00000000182d0000,0x00000000183d0000)]
  0x00000000165ab000 JavaThread "C1 CompilerThread2" daemon [_thread_blocked, id=2552, stack(0x0000000017dd0000,0x0000000017ed0000)]
=>0x0000000016598800 JavaThread "C2 CompilerThread1" daemon [_thread_in_native, id=5936, stack(0x0000000017cd0000,0x0000000017dd0000)]
  0x00000000165a9000 JavaThread "C2 CompilerThread0" daemon [_thread_in_native, id=5920, stack(0x0000000017bd0000,0x0000000017cd0000)]
  0x00000000165a7800 JavaThread "Attach Listener" daemon [_thread_blocked, id=992, stack(0x0000000017ad0000,0x0000000017bd0000)]
  0x00000000165a6800 JavaThread "Signal Dispatcher" daemon [_thread_blocked, id=3796, stack(0x00000000179d0000,0x0000000017ad0000)]
  0x0000000002c2c000 JavaThread "Finalizer" daemon [_thread_blocked, id=14252, stack(0x00000000177f0000,0x00000000178f0000)]
  0x0000000002c20000 JavaThread "Reference Handler" daemon [_thread_blocked, id=332, stack(0x00000000176f0000,0x00000000177f0000)]
  0x0000000002b30800 JavaThread "main" [_thread_blocked, id=1044, stack(0x0000000002a20000,0x0000000002b20000)]

Other Threads:
  0x0000000016565800 VMThread [stack: 0x00000000175f0000,0x00000000176f0000] [id=4400]
  0x0000000017ed1800 WatcherThread [stack: 0x00000000183d0000,0x00000000184d0000] [id=7236]

VM state:not at safepoint (normal execution)

VM Mutex/Monitor currently owned by a thread: None

Heap:
 PSYoungGen      total 28672K, used 5080K [0x00000000e0000000, 0x00000000e3800000, 0x0000000100000000)
  eden space 24576K, 4% used [0x00000000e0000000,0x00000000e00fe330,0x00000000e1800000)
  from space 4096K, 99% used [0x00000000e1c00000,0x00000000e1ff8040,0x00000000e2000000)
  to   space 4096K, 0% used [0x00000000e1800000,0x00000000e1800000,0x00000000e1c00000)
 ParOldGen       total 65536K, used 4709K [0x00000000a0000000, 0x00000000a4000000, 0x00000000e0000000)
  object space 65536K, 7% used [0x00000000a0000000,0x00000000a0499760,0x00000000a4000000)
 Metaspace       used 16930K, capacity 17222K, committed 17408K, reserved 1064960K
  class space    used 2355K, capacity 2447K, committed 2560K, reserved 1048576K

Card table byte_map: [0x0000000011ff0000,0x0000000012300000] byte_map_base: 0x0000000011af0000

Marking Bits: (ParMarkBitMap*) 0x00000000701518f0
 Begin Bits: [0x0000000012900000, 0x0000000014100000)
 End Bits:   [0x0000000014100000, 0x0000000015900000)

Polling page: 0x0000000000d20000

CodeCache: size=245760Kb used=4973Kb max_used=4973Kb free=240786Kb
 bounds [0x0000000002c30000, 0x0000000003110000, 0x0000000011c30000]
 total_blobs=1823 nmethods=1432 adapters=304
 compilation: enabled

Compilation events (10 events):
Event: 3.754 Thread 0x00000000165ab000 1438   !   2       java.lang.ClassLoader::loadClass (122 bytes)
Event: 3.756 Thread 0x00000000165ab000 nmethod 1438 0x000000000310a650 code [0x000000000310a8e0, 0x000000000310bb38]
Event: 3.799 Thread 0x00000000165ab000 1439       3       java.lang.Integer::valueOf (32 bytes)
Event: 3.799 Thread 0x00000000165ab000 nmethod 1439 0x000000000310c990 code [0x000000000310cb00, 0x000000000310ce50]
Event: 3.799 Thread 0x00000000165ab000 1440       3       java.lang.Integer::hashCode (8 bytes)
Event: 3.800 Thread 0x00000000165ab000 nmethod 1440 0x000000000310d010 code [0x000000000310d160, 0x000000000310d310]
Event: 3.800 Thread 0x00000000165ab000 1441       3       java.lang.Integer::hashCode (2 bytes)
Event: 3.800 Thread 0x00000000165ab000 nmethod 1441 0x000000000310d3d0 code [0x000000000310d520, 0x000000000310d650]
Event: 3.800 Thread 0x00000000165ab000 1442       3       org.codehaus.groovy.reflection.GeneratedMetaMethod$DgmMethodRecord::<init> (5 bytes)
Event: 3.800 Thread 0x00000000165ab000 nmethod 1442 0x000000000310d6d0 code [0x000000000310d820, 0x000000000310d9d0]

GC Heap History (8 events):
Event: 0.819 GC heap before
{Heap before GC invocations=1 (full 0):
 PSYoungGen      total 28672K, used 24576K [0x00000000e0000000, 0x00000000e2000000, 0x0000000100000000)
  eden space 24576K, 100% used [0x00000000e0000000,0x00000000e1800000,0x00000000e1800000)
  from space 4096K, 0% used [0x00000000e1c00000,0x00000000e1c00000,0x00000000e2000000)
  to   space 4096K, 0% used [0x00000000e1800000,0x00000000e1800000,0x00000000e1c00000)
 ParOldGen       total 65536K, used 0K [0x00000000a0000000, 0x00000000a4000000, 0x00000000e0000000)
  object space 65536K, 0% used [0x00000000a0000000,0x00000000a0000000,0x00000000a4000000)
 Metaspace       used 6733K, capacity 6888K, committed 7040K, reserved 1056768K
  class space    used 832K, capacity 888K, committed 896K, reserved 1048576K
Event: 0.824 GC heap after
Heap after GC invocations=1 (full 0):
 PSYoungGen      total 28672K, used 3970K [0x00000000e0000000, 0x00000000e2000000, 0x0000000100000000)
  eden space 24576K, 0% used [0x00000000e0000000,0x00000000e0000000,0x00000000e1800000)
  from space 4096K, 96% used [0x00000000e1800000,0x00000000e1be0ad8,0x00000000e1c00000)
  to   space 4096K, 0% used [0x00000000e1c00000,0x00000000e1c00000,0x00000000e2000000)
 ParOldGen       total 65536K, used 8K [0x00000000a0000000, 0x00000000a4000000, 0x00000000e0000000)
  object space 65536K, 0% used [0x00000000a0000000,0x00000000a0002000,0x00000000a4000000)
 Metaspace       used 6733K, capacity 6888K, committed 7040K, reserved 1056768K
  class space    used 832K, capacity 888K, committed 896K, reserved 1048576K
}
Event: 1.871 GC heap before
{Heap before GC invocations=2 (full 0):
 PSYoungGen      total 28672K, used 28546K [0x00000000e0000000, 0x00000000e2000000, 0x0000000100000000)
  eden space 24576K, 100% used [0x00000000e0000000,0x00000000e1800000,0x00000000e1800000)
  from space 4096K, 96% used [0x00000000e1800000,0x00000000e1be0ad8,0x00000000e1c00000)
  to   space 4096K, 0% used [0x00000000e1c00000,0x00000000e1c00000,0x00000000e2000000)
 ParOldGen       total 65536K, used 8K [0x00000000a0000000, 0x00000000a4000000, 0x00000000e0000000)
  object space 65536K, 0% used [0x00000000a0000000,0x00000000a0002000,0x00000000a4000000)
 Metaspace       used 8887K, capacity 9158K, committed 9472K, reserved 1056768K
  class space    used 1145K, capacity 1217K, committed 1280K, reserved 1048576K
Event: 1.876 GC heap after
Heap after GC invocations=2 (full 0):
 PSYoungGen      total 28672K, used 3846K [0x00000000e0000000, 0x00000000e2000000, 0x0000000100000000)
  eden space 24576K, 0% used [0x00000000e0000000,0x00000000e0000000,0x00000000e1800000)
  from space 4096K, 93% used [0x00000000e1c00000,0x00000000e1fc1a50,0x00000000e2000000)
  to   space 4096K, 0% used [0x00000000e1800000,0x00000000e1800000,0x00000000e1c00000)
 ParOldGen       total 65536K, used 16K [0x00000000a0000000, 0x00000000a4000000, 0x00000000e0000000)
  object space 65536K, 0% used [0x00000000a0000000,0x00000000a0004000,0x00000000a4000000)
 Metaspace       used 8887K, capacity 9158K, committed 9472K, reserved 1056768K
  class space    used 1145K, capacity 1217K, committed 1280K, reserved 1048576K
}
Event: 2.820 GC heap before
{Heap before GC invocations=3 (full 0):
 PSYoungGen      total 28672K, used 28422K [0x00000000e0000000, 0x00000000e2000000, 0x0000000100000000)
  eden space 24576K, 100% used [0x00000000e0000000,0x00000000e1800000,0x00000000e1800000)
  from space 4096K, 93% used [0x00000000e1c00000,0x00000000e1fc1a50,0x00000000e2000000)
  to   space 4096K, 0% used [0x00000000e1800000,0x00000000e1800000,0x00000000e1c00000)
 ParOldGen       total 65536K, used 16K [0x00000000a0000000, 0x00000000a4000000, 0x00000000e0000000)
  object space 65536K, 0% used [0x00000000a0000000,0x00000000a0004000,0x00000000a4000000)
 Metaspace       used 13508K, capacity 13800K, committed 14080K, reserved 1060864K
  class space    used 1827K, capacity 1929K, committed 2048K, reserved 1048576K
Event: 2.839 GC heap after
Heap after GC invocations=3 (full 0):
 PSYoungGen      total 28672K, used 4080K [0x00000000e0000000, 0x00000000e2000000, 0x0000000100000000)
  eden space 24576K, 0% used [0x00000000e0000000,0x00000000e0000000,0x00000000e1800000)
  from space 4096K, 99% used [0x00000000e1800000,0x00000000e1bfc010,0x00000000e1c00000)
  to   space 4096K, 0% used [0x00000000e1c00000,0x00000000e1c00000,0x00000000e2000000)
 ParOldGen       total 65536K, used 1360K [0x00000000a0000000, 0x00000000a4000000, 0x00000000e0000000)
  object space 65536K, 2% used [0x00000000a0000000,0x00000000a0154238,0x00000000a4000000)
 Metaspace       used 13508K, capacity 13800K, committed 14080K, reserved 1060864K
  class space    used 1827K, capacity 1929K, committed 2048K, reserved 1048576K
}
Event: 3.757 GC heap before
{Heap before GC invocations=4 (full 0):
 PSYoungGen      total 28672K, used 28656K [0x00000000e0000000, 0x00000000e2000000, 0x0000000100000000)
  eden space 24576K, 100% used [0x00000000e0000000,0x00000000e1800000,0x00000000e1800000)
  from space 4096K, 99% used [0x00000000e1800000,0x00000000e1bfc010,0x00000000e1c00000)
  to   space 4096K, 0% used [0x00000000e1c00000,0x00000000e1c00000,0x00000000e2000000)
 ParOldGen       total 65536K, used 1360K [0x00000000a0000000, 0x00000000a4000000, 0x00000000e0000000)
  object space 65536K, 2% used [0x00000000a0000000,0x00000000a0154238,0x00000000a4000000)
 Metaspace       used 16799K, capacity 17158K, committed 17408K, reserved 1064960K
  class space    used 2338K, capacity 2447K, committed 2560K, reserved 1048576K
Event: 3.777 GC heap after
Heap after GC invocations=4 (full 0):
 PSYoungGen      total 28672K, used 4064K [0x00000000e0000000, 0x00000000e3800000, 0x0000000100000000)
  eden space 24576K, 0% used [0x00000000e0000000,0x00000000e0000000,0x00000000e1800000)
  from space 4096K, 99% used [0x00000000e1c00000,0x00000000e1ff8040,0x00000000e2000000)
  to   space 4096K, 0% used [0x00000000e1800000,0x00000000e1800000,0x00000000e1c00000)
 ParOldGen       total 65536K, used 4709K [0x00000000a0000000, 0x00000000a4000000, 0x00000000e0000000)
  object space 65536K, 7% used [0x00000000a0000000,0x00000000a0499760,0x00000000a4000000)
 Metaspace       used 16799K, capacity 17158K, committed 17408K, reserved 1064960K
  class space    used 2338K, capacity 2447K, committed 2560K, reserved 1048576K
}

Deoptimization events (10 events):
Event: 3.303 Thread 0x0000000019485000 Uncommon trap: reason=unstable_if action=reinterpret pc=0x0000000002d84b88 method=java.net.URI.match(CJJ)Z @ 19
Event: 3.303 Thread 0x0000000019485000 Uncommon trap: reason=unstable_if action=reinterpret pc=0x0000000002ec5440 method=java.net.URI.match(CJJ)Z @ 19
Event: 3.454 Thread 0x0000000019485000 Uncommon trap: reason=unstable_if action=reinterpret pc=0x0000000002f07f90 method=java.lang.AbstractStringBuilder.append(Ljava/lang/String;)Ljava/lang/AbstractStringBuilder; @ 1
Event: 3.454 Thread 0x0000000019485000 Uncommon trap: reason=unstable_if action=reinterpret pc=0x0000000002e477d0 method=java.lang.AbstractStringBuilder.append(Ljava/lang/String;)Ljava/lang/AbstractStringBuilder; @ 1
Event: 3.704 Thread 0x0000000019485000 Uncommon trap: reason=bimorphic action=maybe_recompile pc=0x000000000307b468 method=java.lang.ClassLoader.loadClass(Ljava/lang/String;Z)Ljava/lang/Class; @ 38
Event: 3.704 Thread 0x0000000019485000 Uncommon trap: reason=bimorphic action=maybe_recompile pc=0x000000000307b468 method=java.lang.ClassLoader.loadClass(Ljava/lang/String;Z)Ljava/lang/Class; @ 38
Event: 3.706 Thread 0x0000000019485000 Uncommon trap: reason=class_check action=maybe_recompile pc=0x0000000002e1bf20 method=sun.misc.URLClassPath.getLoader(I)Lsun/misc/URLClassPath$Loader; @ 94
Event: 3.706 Thread 0x0000000019485000 Uncommon trap: reason=class_check action=maybe_recompile pc=0x0000000002f349ac method=sun.misc.URLClassPath.getResource(Ljava/lang/String;Z)Lsun/misc/Resource; @ 62
Event: 3.708 Thread 0x0000000019485000 Uncommon trap: reason=bimorphic action=maybe_recompile pc=0x000000000307b468 method=java.lang.ClassLoader.loadClass(Ljava/lang/String;Z)Ljava/lang/Class; @ 38
Event: 3.708 Thread 0x0000000019485000 Uncommon trap: reason=bimorphic action=maybe_recompile pc=0x000000000307b468 method=java.lang.ClassLoader.loadClass(Ljava/lang/String;Z)Ljava/lang/Class; @ 38

Internal exceptions (10 events):
Event: 2.629 Thread 0x0000000019485000 Exception <a 'java/lang/NoSuchMethodError': <clinit>> (0x00000000e0a16270) thrown at [C:\src\android\AOSP-openjdk\external\jetbrains\jdk\hotspot\src\share\vm\prims\jni.cpp, line 1613]
Event: 2.666 Thread 0x0000000019485000 Exception <a 'java/lang/ArrayIndexOutOfBoundsException'> (0x00000000e0c478a0) thrown at [C:\src\android\AOSP-openjdk\external\jetbrains\jdk\hotspot\src\share\vm\runtime\sharedRuntime.cpp, line 605]
Event: 2.682 Thread 0x0000000019485000 Exception <a 'java/lang/ArrayIndexOutOfBoundsException'> (0x00000000e0d196c8) thrown at [C:\src\android\AOSP-openjdk\external\jetbrains\jdk\hotspot\src\share\vm\runtime\sharedRuntime.cpp, line 605]
Event: 2.683 Thread 0x0000000019485000 Exception <a 'java/lang/ArrayIndexOutOfBoundsException'> (0x00000000e0d1ac20) thrown at [C:\src\android\AOSP-openjdk\external\jetbrains\jdk\hotspot\src\share\vm\runtime\sharedRuntime.cpp, line 605]
Event: 3.372 Thread 0x0000000019485000 Exception <a 'java/lang/NoSuchMethodError': <clinit>> (0x00000000e1216800) thrown at [C:\src\android\AOSP-openjdk\external\jetbrains\jdk\hotspot\src\share\vm\prims\jni.cpp, line 1613]
Event: 3.372 Thread 0x0000000019485000 Exception <a 'java/lang/NoSuchMethodError': <clinit>> (0x00000000e12190a8) thrown at [C:\src\android\AOSP-openjdk\external\jetbrains\jdk\hotspot\src\share\vm\prims\jni.cpp, line 1613]
Event: 3.374 Thread 0x0000000019485000 Exception <a 'java/lang/NoSuchMethodError': <clinit>> (0x00000000e1225388) thrown at [C:\src\android\AOSP-openjdk\external\jetbrains\jdk\hotspot\src\share\vm\prims\jni.cpp, line 1613]
Event: 3.375 Thread 0x0000000019485000 Exception <a 'java/lang/NoSuchMethodError': <clinit>> (0x00000000e122f948) thrown at [C:\src\android\AOSP-openjdk\external\jetbrains\jdk\hotspot\src\share\vm\prims\jni.cpp, line 1613]
Event: 3.454 Thread 0x0000000019485000 Implicit null exception at 0x0000000002f07bd6 to 0x0000000002f07f79
Event: 3.454 Thread 0x0000000019485000 Implicit null exception at 0x0000000002e47416 to 0x0000000002e477b9

Events (10 events):
Event: 3.798 loading class groovy/lang/Buildable
Event: 3.798 loading class groovy/lang/Buildable done
Event: 3.804 loading class org/codehaus/groovy/GroovyBugError
Event: 3.804 loading class org/codehaus/groovy/GroovyBugError done
Event: 3.812 loading class org/codehaus/groovy/reflection/ReflectionCache
Event: 3.812 loading class org/codehaus/groovy/reflection/ReflectionCache done
Event: 3.818 loading class org/codehaus/groovy/util/TripleKeyHashMap
Event: 3.818 loading class org/codehaus/groovy/util/TripleKeyHashMap done
Event: 3.824 loading class org/codehaus/groovy/util/ComplexKeyHashMap
Event: 3.824 loading class org/codehaus/groovy/util/ComplexKeyHashMap done


Dynamic libraries:
0x00007ff6fcd80000 - 0x00007ff6fcdb1000 	C:\Program Files\Android\Android Studio\jre\bin\java.exe
0x00007ffe80110000 - 0x00007ffe802d1000 	C:\WINDOWS\SYSTEM32\ntdll.dll
0x00007ffe7f7c0000 - 0x00007ffe7f86d000 	C:\WINDOWS\system32\KERNEL32.DLL
0x00007ffe7c7c0000 - 0x00007ffe7c9a8000 	C:\WINDOWS\system32\KERNELBASE.dll
0x00007ffe7ed30000 - 0x00007ffe7edd7000 	C:\WINDOWS\system32\ADVAPI32.dll
0x00007ffe7d530000 - 0x00007ffe7d5cd000 	C:\WINDOWS\system32\msvcrt.dll
0x00007ffe7f760000 - 0x00007ffe7f7bb000 	C:\WINDOWS\system32\sechost.dll
0x00007ffe7ec10000 - 0x00007ffe7ed2c000 	C:\WINDOWS\system32\RPCRT4.dll
0x00007ffe7f8b0000 - 0x00007ffe7fa06000 	C:\WINDOWS\system32\USER32.dll
0x00007ffe7f060000 - 0x00007ffe7f1e6000 	C:\WINDOWS\system32\GDI32.dll
0x00007ffe6ebf0000 - 0x00007ffe6ee64000 	C:\WINDOWS\WinSxS\amd64_microsoft.windows.common-controls_6595b64144ccf1df_6.0.10586.839_none_a2ddba30a539a2ae\COMCTL32.dll
0x00007ffe7ede0000 - 0x00007ffe7f05e000 	C:\WINDOWS\system32\combase.dll
0x00007ffe7d3f0000 - 0x00007ffe7d45a000 	C:\WINDOWS\system32\bcryptPrimitives.dll
0x00007ffe7f870000 - 0x00007ffe7f8ab000 	C:\WINDOWS\system32\IMM32.DLL
0x000000006f4f0000 - 0x000000006f5c2000 	C:\Program Files\Android\Android Studio\jre\jre\bin\msvcr100.dll
0x000000006f990000 - 0x00000000701cc000 	C:\Program Files\Android\Android Studio\jre\jre\bin\server\jvm.dll
0x00007ffe7ec00000 - 0x00007ffe7ec08000 	C:\WINDOWS\system32\PSAPI.DLL
0x00007ffe7a9b0000 - 0x00007ffe7a9d3000 	C:\WINDOWS\SYSTEM32\WINMM.dll
0x00007ffe6fa10000 - 0x00007ffe6fa19000 	C:\WINDOWS\SYSTEM32\WSOCK32.dll
0x00007ffe6fcf0000 - 0x00007ffe6fcfa000 	C:\WINDOWS\SYSTEM32\VERSION.dll
0x00007ffe800a0000 - 0x00007ffe8010b000 	C:\WINDOWS\system32\WS2_32.dll
0x00007ffe7a950000 - 0x00007ffe7a97c000 	C:\WINDOWS\SYSTEM32\WINMMBASE.dll
0x00007ffe7d4c0000 - 0x00007ffe7d503000 	C:\WINDOWS\system32\cfgmgr32.dll
0x00007ffe7a040000 - 0x00007ffe7a04f000 	C:\Program Files\Android\Android Studio\jre\jre\bin\verify.dll
0x00007ffe72e10000 - 0x00007ffe72e39000 	C:\Program Files\Android\Android Studio\jre\jre\bin\java.dll
0x00007ffe786d0000 - 0x00007ffe786e6000 	C:\Program Files\Android\Android Studio\jre\jre\bin\zip.dll
0x00007ffe7d5d0000 - 0x00007ffe7eb2c000 	C:\WINDOWS\system32\SHELL32.dll
0x00007ffe7cda0000 - 0x00007ffe7d3e4000 	C:\WINDOWS\system32\windows.storage.dll
0x00007ffe7f680000 - 0x00007ffe7f6d2000 	C:\WINDOWS\system32\shlwapi.dll
0x00007ffe7c730000 - 0x00007ffe7c73f000 	C:\WINDOWS\system32\kernel.appcore.dll
0x00007ffe7cce0000 - 0x00007ffe7cd95000 	C:\WINDOWS\system32\shcore.dll
0x00007ffe7c760000 - 0x00007ffe7c7ab000 	C:\WINDOWS\system32\powrprof.dll
0x00007ffe7c740000 - 0x00007ffe7c754000 	C:\WINDOWS\system32\profapi.dll
0x00007ffe73310000 - 0x00007ffe7332a000 	C:\Program Files\Android\Android Studio\jre\jre\bin\net.dll
0x00007ffe7c000000 - 0x00007ffe7c05c000 	C:\WINDOWS\system32\mswsock.dll
0x00007ffe72d40000 - 0x00007ffe72d51000 	C:\Program Files\Android\Android Studio\jre\jre\bin\nio.dll
0x00007ffe692e0000 - 0x00007ffe692fe000 	C:\Users\marti\.gradle\native\23\windows-amd64\native-platform.dll
0x00007ffe7c0b0000 - 0x00007ffe7c0c7000 	C:\WINDOWS\SYSTEM32\CRYPTSP.dll
0x00007ffe7bd40000 - 0x00007ffe7bd74000 	C:\WINDOWS\system32\rsaenh.dll
0x00007ffe7c670000 - 0x00007ffe7c699000 	C:\WINDOWS\SYSTEM32\bcrypt.dll
0x00007ffe7be90000 - 0x00007ffe7beaf000 	C:\WINDOWS\SYSTEM32\USERENV.dll
0x00007ffe7c650000 - 0x00007ffe7c65b000 	C:\WINDOWS\SYSTEM32\CRYPTBASE.dll
0x00007ffe749f0000 - 0x00007ffe74a28000 	C:\WINDOWS\SYSTEM32\IPHLPAPI.DLL
0x00007ffe7d510000 - 0x00007ffe7d518000 	C:\WINDOWS\system32\NSI.dll
0x00007ffe740c0000 - 0x00007ffe740d6000 	C:\WINDOWS\SYSTEM32\dhcpcsvc6.DLL
0x00007ffe74190000 - 0x00007ffe741aa000 	C:\WINDOWS\SYSTEM32\dhcpcsvc.DLL
0x00007ffe7ad40000 - 0x00007ffe7ad4d000 	C:\Program Files\Android\Android Studio\jre\jre\bin\management.dll

VM Arguments:
jvm_args: -Xmx1536m -Dfile.encoding=windows-1252 -Duser.country=US -Duser.language=en -Duser.variant 
java_command: org.gradle.launcher.daemon.bootstrap.GradleDaemon 3.3
java_class_path (initial): C:\Users\marti\.gradle\wrapper\dists\gradle-3.3-all\55gk2rcmfc6p2dg9u9ohc3hw9\gradle-3.3\lib\gradle-launcher-3.3.jar
Launcher Type: SUN_STANDARD

Environment Variables:
PATH=C:\ProgramData\Oracle\Java\javapath;C:\WINDOWS\system32;C:\Program Files (x86)\SumatraPDF;C:\WINDOWS;C:\WINDOWS\System32\Wbem;C:\WINDOWS\System32\WindowsPowerShell\v1.0\;C:\Program Files\MATLAB\R2015b\runtime\win64;C:\Program Files\MATLAB\R2015b\bin;C:\Program Files\Process Lasso;C:\Program Files\Intel\WiFi\bin\;C:\Program Files\Common Files\Intel\WirelessCommon\;C:\Program Files\Java\jdk1.8.0_91\bin
USERNAME=marti
OS=Windows_NT
PROCESSOR_IDENTIFIER=Intel64 Family 6 Model 61 Stepping 4, GenuineIntel



---------------  S Y S T E M  ---------------

OS: Windows 10.0 , 64 bit Build 10586 (10.0.10586.589)

CPU:total 4 (2 cores per cpu, 2 threads per core) family 6 model 61 stepping 4, cmov, cx8, fxsr, mmx, sse, sse2, sse3, ssse3, sse4.1, sse4.2, popcnt, avx, avx2, aes, clmul, erms, 3dnowpref, lzcnt, ht, tsc, tscinvbit, bmi1, bmi2, adx

Memory: 4k page, physical 6204496k(280536k free), swap 16007976k(8520k free)

vm_info: OpenJDK 64-Bit Server VM (25.112-b06) for windows-amd64 JRE (1.8.0_112-release-b06), built on Dec  8 2016 00:54:26 by "builder" with MS VC++ 10.0 (VS2010)

time: Wed May 24 20:24:38 2017
elapsed time: 3 seconds (0d 0h 0m 3s)

