#
# There is insufficient memory for the Java Runtime Environment to continue.
# Native memory allocation (malloc) failed to allocate 32744 bytes for ChunkPool::allocate
# Possible reasons:
#   The system is out of physical RAM or swap space
#   In 32 bit mode, the process size limit was hit
# Possible solutions:
#   Reduce memory load on the system
#   Increase physical memory or swap space
#   Check if swap backing store is full
#   Use 64 bit Java on a 64 bit OS
#   Decrease Java heap size (-Xmx/-Xms)
#   Decrease number of Java threads
#   Decrease Java thread stack sizes (-Xss)
#   Set larger code cache with -XX:ReservedCodeCacheSize=
# This output file may be truncated or incomplete.
#
#  Out of Memory Error (allocation.cpp:273), pid=5524, tid=0x0000000000003178
#
# JRE version: OpenJDK Runtime Environment (8.0_112-b06) (build 1.8.0_112-release-b06)
# Java VM: OpenJDK 64-Bit Server VM (25.112-b06 mixed mode windows-amd64 compressed oops)
# Failed to write core dump. Minidumps are not enabled by default on client versions of Windows
#

---------------  T H R E A D  ---------------

Current thread (0x0000000016427800):  JavaThread "C1 CompilerThread2" daemon [_thread_in_native, id=12664, stack(0x0000000017c70000,0x0000000017d70000)]

Stack: [0x0000000017c70000,0x0000000017d70000]
[error occurred during error reporting (printing stack bounds), id 0xc0000005]

Native frames: (J=compiled Java code, j=interpreted, Vv=VM code, C=native code)


Current CompileTask:
C1:  19544 3737       3       org.objectweb.asm.ClassReader::a (3351 bytes)


---------------  P R O C E S S  ---------------

Java Threads: ( => current thread )
  0x000000001be55800 JavaThread "File lock request listener" [_thread_in_native, id=1040, stack(0x000000001e100000,0x000000001e200000)]
  0x00000000187ce000 JavaThread "Stdin handler" [_thread_blocked, id=9340, stack(0x000000001ba60000,0x000000001bb60000)]
  0x0000000018db3800 JavaThread "Asynchronous log dispatcher for DefaultDaemonConnection: socket connection from /127.0.0.1:54209 to /127.0.0.1:54210" [_thread_blocked, id=2988, stack(0x000000001b960000,0x000000001ba60000)]
  0x0000000018128000 JavaThread "Daemon worker" [_thread_in_vm, id=14220, stack(0x000000001b860000,0x000000001b960000)]
  0x0000000018125000 JavaThread "pool-1-thread-1" [_thread_blocked, id=12412, stack(0x000000001b760000,0x000000001b860000)]
  0x00000000194b0000 JavaThread "Cancel handler" [_thread_blocked, id=3532, stack(0x000000001b660000,0x000000001b760000)]
  0x0000000017e7e800 JavaThread "Handler for socket connection from /127.0.0.1:54209 to /127.0.0.1:54210" [_thread_in_native, id=11856, stack(0x000000001b560000,0x000000001b660000)]
  0x0000000017e79800 JavaThread "Daemon" [_thread_blocked, id=12660, stack(0x000000001b460000,0x000000001b560000)]
  0x0000000016450000 JavaThread "Incoming local TCP Connector on port 54209" [_thread_in_native, id=12012, stack(0x0000000019b40000,0x0000000019c40000)]
  0x000000001647e000 JavaThread "Service Thread" daemon [_thread_blocked, id=7972, stack(0x0000000018170000,0x0000000018270000)]
=>0x0000000016427800 JavaThread "C1 CompilerThread2" daemon [_thread_in_native, id=12664, stack(0x0000000017c70000,0x0000000017d70000)]
  0x000000001641e000 JavaThread "C2 CompilerThread1" daemon [_thread_in_native, id=3260, stack(0x0000000017b70000,0x0000000017c70000)]
  0x000000001641b800 JavaThread "C2 CompilerThread0" daemon [_thread_in_native, id=13276, stack(0x0000000017a70000,0x0000000017b70000)]
  0x000000001641a000 JavaThread "Attach Listener" daemon [_thread_blocked, id=2172, stack(0x0000000017970000,0x0000000017a70000)]
  0x0000000016417000 JavaThread "Signal Dispatcher" daemon [_thread_blocked, id=12384, stack(0x0000000017870000,0x0000000017970000)]
  0x0000000016408800 JavaThread "Finalizer" daemon [_thread_blocked, id=4360, stack(0x0000000017690000,0x0000000017790000)]
  0x0000000002aa0000 JavaThread "Reference Handler" daemon [_thread_blocked, id=11704, stack(0x0000000017590000,0x0000000017690000)]
  0x00000000029b0800 JavaThread "main" [_thread_blocked, id=5428, stack(0x00000000028b0000,0x00000000029b0000)]

Other Threads:
  0x00000000163e5800 VMThread [stack: 0x0000000017490000,0x0000000017590000] [id=5880]
  0x0000000017d8d800 WatcherThread [stack: 0x0000000018270000,0x0000000018370000] [id=3620]

VM state:not at safepoint (normal execution)

VM Mutex/Monitor currently owned by a thread: None

Heap:
 PSYoungGen      total 73728K, used 33671K [0x00000000e0000000, 0x00000000e6980000, 0x0000000100000000)
  eden space 65024K, 38% used [0x00000000e0000000,0x00000000e1864198,0x00000000e3f80000)
  from space 8704K, 99% used [0x00000000e3f80000,0x00000000e47fdae0,0x00000000e4800000)
  to   space 10240K, 0% used [0x00000000e5f80000,0x00000000e5f80000,0x00000000e6980000)
 ParOldGen       total 49152K, used 10770K [0x00000000a0000000, 0x00000000a3000000, 0x00000000e0000000)
  object space 49152K, 21% used [0x00000000a0000000,0x00000000a0a84930,0x00000000a3000000)
 Metaspace       used 34283K, capacity 34858K, committed 35200K, reserved 1079296K
  class space    used 4567K, capacity 4717K, committed 4736K, reserved 1048576K

Card table byte_map: [0x0000000011e70000,0x0000000012180000] byte_map_base: 0x0000000011970000

Marking Bits: (ParMarkBitMap*) 0x00000000701518f0
 Begin Bits: [0x0000000012780000, 0x0000000013f80000)
 End Bits:   [0x0000000013f80000, 0x0000000015780000)

Polling page: 0x0000000000b60000

CodeCache: size=245760Kb used=12875Kb max_used=12875Kb free=232884Kb
 bounds [0x0000000002ab0000, 0x0000000003750000, 0x0000000011ab0000]
 total_blobs=4149 nmethods=3448 adapters=613
 compilation: enabled

Compilation events (10 events):
Event: 19.528 Thread 0x0000000016427800 nmethod 3732 0x000000000374d010 code [0x000000000374d160, 0x000000000374d310]
Event: 19.528 Thread 0x0000000016427800 3733       3       org.gradle.model.internal.registry.ModelBinding::isBound (13 bytes)
Event: 19.528 Thread 0x0000000016427800 nmethod 3733 0x000000000374d390 code [0x000000000374d4e0, 0x000000000374d690]
Event: 19.529 Thread 0x0000000016427800 3734       1       org.gradle.model.internal.core.ModelActionRole::isSubjectViewAvailable (5 bytes)
Event: 19.529 Thread 0x0000000016427800 nmethod 3734 0x000000000374d710 code [0x000000000374d860, 0x000000000374d970]
Event: 19.529 Thread 0x0000000016427800 3735       1       org.gradle.model.internal.core.ModelActionRole::getTargetState (5 bytes)
Event: 19.529 Thread 0x0000000016427800 nmethod 3735 0x000000000374d9d0 code [0x000000000374db20, 0x000000000374dc30]
Event: 19.529 Thread 0x0000000016427800 3736       3       org.gradle.model.internal.registry.RuleBinder::isBound (32 bytes)
Event: 19.529 Thread 0x0000000016427800 nmethod 3736 0x000000000374dc90 code [0x000000000374de00, 0x000000000374e208]
Event: 19.531 Thread 0x0000000016427800 3737       3       org.objectweb.asm.ClassReader::a (3351 bytes)

GC Heap History (10 events):
Event: 12.143 GC heap before
{Heap before GC invocations=6 (full 1):
 PSYoungGen      total 28672K, used 4096K [0x00000000e0000000, 0x00000000e4300000, 0x0000000100000000)
  eden space 24576K, 0% used [0x00000000e0000000,0x00000000e0000000,0x00000000e1800000)
  from space 4096K, 100% used [0x00000000e1800000,0x00000000e1c00000,0x00000000e1c00000)
  to   space 9728K, 0% used [0x00000000e3980000,0x00000000e3980000,0x00000000e4300000)
 ParOldGen       total 65536K, used 9097K [0x00000000a0000000, 0x00000000a4000000, 0x00000000e0000000)
  object space 65536K, 13% used [0x00000000a0000000,0x00000000a08e2778,0x00000000a4000000)
 Metaspace       used 20790K, capacity 21100K, committed 21296K, reserved 1067008K
  class space    used 2755K, capacity 2865K, committed 2944K, reserved 1048576K
Event: 12.240 GC heap after
Heap after GC invocations=6 (full 1):
 PSYoungGen      total 28672K, used 0K [0x00000000e0000000, 0x00000000e4300000, 0x0000000100000000)
  eden space 24576K, 0% used [0x00000000e0000000,0x00000000e0000000,0x00000000e1800000)
  from space 4096K, 0% used [0x00000000e1800000,0x00000000e1800000,0x00000000e1c00000)
  to   space 9728K, 0% used [0x00000000e3980000,0x00000000e3980000,0x00000000e4300000)
 ParOldGen       total 49152K, used 8886K [0x00000000a0000000, 0x00000000a3000000, 0x00000000e0000000)
  object space 49152K, 18% used [0x00000000a0000000,0x00000000a08ad858,0x00000000a3000000)
 Metaspace       used 20790K, capacity 21100K, committed 21296K, reserved 1067008K
  class space    used 2755K, capacity 2865K, committed 2944K, reserved 1048576K
}
Event: 13.002 GC heap before
{Heap before GC invocations=7 (full 1):
 PSYoungGen      total 28672K, used 24576K [0x00000000e0000000, 0x00000000e4300000, 0x0000000100000000)
  eden space 24576K, 100% used [0x00000000e0000000,0x00000000e1800000,0x00000000e1800000)
  from space 4096K, 0% used [0x00000000e1800000,0x00000000e1800000,0x00000000e1c00000)
  to   space 9728K, 0% used [0x00000000e3980000,0x00000000e3980000,0x00000000e4300000)
 ParOldGen       total 49152K, used 8886K [0x00000000a0000000, 0x00000000a3000000, 0x00000000e0000000)
  object space 49152K, 18% used [0x00000000a0000000,0x00000000a08ad858,0x00000000a3000000)
 Metaspace       used 23257K, capacity 23632K, committed 23808K, reserved 1069056K
  class space    used 3133K, capacity 3256K, committed 3328K, reserved 1048576K
Event: 13.011 GC heap after
Heap after GC invocations=7 (full 1):
 PSYoungGen      total 43520K, used 3705K [0x00000000e0000000, 0x00000000e3d80000, 0x0000000100000000)
  eden space 39424K, 0% used [0x00000000e0000000,0x00000000e0000000,0x00000000e2680000)
  from space 4096K, 90% used [0x00000000e3980000,0x00000000e3d1e460,0x00000000e3d80000)
  to   space 9728K, 0% used [0x00000000e2a80000,0x00000000e2a80000,0x00000000e3400000)
 ParOldGen       total 49152K, used 8886K [0x00000000a0000000, 0x00000000a3000000, 0x00000000e0000000)
  object space 49152K, 18% used [0x00000000a0000000,0x00000000a08ad858,0x00000000a3000000)
 Metaspace       used 23257K, capacity 23632K, committed 23808K, reserved 1069056K
  class space    used 3133K, capacity 3256K, committed 3328K, reserved 1048576K
}
Event: 14.013 GC heap before
{Heap before GC invocations=8 (full 1):
 PSYoungGen      total 43520K, used 43129K [0x00000000e0000000, 0x00000000e3d80000, 0x0000000100000000)
  eden space 39424K, 100% used [0x00000000e0000000,0x00000000e2680000,0x00000000e2680000)
  from space 4096K, 90% used [0x00000000e3980000,0x00000000e3d1e460,0x00000000e3d80000)
  to   space 9728K, 0% used [0x00000000e2a80000,0x00000000e2a80000,0x00000000e3400000)
 ParOldGen       total 49152K, used 8886K [0x00000000a0000000, 0x00000000a3000000, 0x00000000e0000000)
  object space 49152K, 18% used [0x00000000a0000000,0x00000000a08ad858,0x00000000a3000000)
 Metaspace       used 25883K, capacity 26368K, committed 26496K, reserved 1073152K
  class space    used 3569K, capacity 3693K, committed 3712K, reserved 1048576K
Event: 14.036 GC heap after
Heap after GC invocations=8 (full 1):
 PSYoungGen      total 53248K, used 5489K [0x00000000e0000000, 0x00000000e5100000, 0x0000000100000000)
  eden space 43520K, 0% used [0x00000000e0000000,0x00000000e0000000,0x00000000e2a80000)
  from space 9728K, 56% used [0x00000000e2a80000,0x00000000e2fdc448,0x00000000e3400000)
  to   space 9216K, 0% used [0x00000000e4800000,0x00000000e4800000,0x00000000e5100000)
 ParOldGen       total 49152K, used 8886K [0x00000000a0000000, 0x00000000a3000000, 0x00000000e0000000)
  object space 49152K, 18% used [0x00000000a0000000,0x00000000a08ad858,0x00000000a3000000)
 Metaspace       used 25883K, capacity 26368K, committed 26496K, reserved 1073152K
  class space    used 3569K, capacity 3693K, committed 3712K, reserved 1048576K
}
Event: 15.290 GC heap before
{Heap before GC invocations=9 (full 1):
 PSYoungGen      total 53248K, used 49009K [0x00000000e0000000, 0x00000000e5100000, 0x0000000100000000)
  eden space 43520K, 100% used [0x00000000e0000000,0x00000000e2a80000,0x00000000e2a80000)
  from space 9728K, 56% used [0x00000000e2a80000,0x00000000e2fdc448,0x00000000e3400000)
  to   space 9216K, 0% used [0x00000000e4800000,0x00000000e4800000,0x00000000e5100000)
 ParOldGen       total 49152K, used 8886K [0x00000000a0000000, 0x00000000a3000000, 0x00000000e0000000)
  object space 49152K, 18% used [0x00000000a0000000,0x00000000a08ad858,0x00000000a3000000)
 Metaspace       used 28739K, capacity 29152K, committed 29440K, reserved 1075200K
  class space    used 3907K, capacity 4045K, committed 4096K, reserved 1048576K
Event: 15.298 GC heap after
Heap after GC invocations=9 (full 1):
 PSYoungGen      total 74240K, used 5532K [0x00000000e0000000, 0x00000000e5500000, 0x0000000100000000)
  eden space 65024K, 0% used [0x00000000e0000000,0x00000000e0000000,0x00000000e3f80000)
  from space 9216K, 60% used [0x00000000e4800000,0x00000000e4d673f0,0x00000000e5100000)
  to   space 8704K, 0% used [0x00000000e3f80000,0x00000000e3f80000,0x00000000e4800000)
 ParOldGen       total 49152K, used 8894K [0x00000000a0000000, 0x00000000a3000000, 0x00000000e0000000)
  object space 49152K, 18% used [0x00000000a0000000,0x00000000a08af858,0x00000000a3000000)
 Metaspace       used 28739K, capacity 29152K, committed 29440K, reserved 1075200K
  class space    used 3907K, capacity 4045K, committed 4096K, reserved 1048576K
}
Event: 19.318 GC heap before
{Heap before GC invocations=10 (full 1):
 PSYoungGen      total 74240K, used 70556K [0x00000000e0000000, 0x00000000e5500000, 0x0000000100000000)
  eden space 65024K, 100% used [0x00000000e0000000,0x00000000e3f80000,0x00000000e3f80000)
  from space 9216K, 60% used [0x00000000e4800000,0x00000000e4d673f0,0x00000000e5100000)
  to   space 8704K, 0% used [0x00000000e3f80000,0x00000000e3f80000,0x00000000e4800000)
 ParOldGen       total 49152K, used 8894K [0x00000000a0000000, 0x00000000a3000000, 0x00000000e0000000)
  object space 49152K, 18% used [0x00000000a0000000,0x00000000a08af858,0x00000000a3000000)
 Metaspace       used 34034K, capacity 34602K, committed 34944K, reserved 1079296K
  class space    used 4554K, capacity 4717K, committed 4736K, reserved 1048576K
Event: 19.342 GC heap after
Heap after GC invocations=10 (full 1):
 PSYoungGen      total 73728K, used 8694K [0x00000000e0000000, 0x00000000e6980000, 0x0000000100000000)
  eden space 65024K, 0% used [0x00000000e0000000,0x00000000e0000000,0x00000000e3f80000)
  from space 8704K, 99% used [0x00000000e3f80000,0x00000000e47fdae0,0x00000000e4800000)
  to   space 10240K, 0% used [0x00000000e5f80000,0x00000000e5f80000,0x00000000e6980000)
 ParOldGen       total 49152K, used 10770K [0x00000000a0000000, 0x00000000a3000000, 0x00000000e0000000)
  object space 49152K, 21% used [0x00000000a0000000,0x00000000a0a84930,0x00000000a3000000)
 Metaspace       used 34034K, capacity 34602K, committed 34944K, reserved 1079296K
  class space    used 4554K, capacity 4717K, committed 4736K, reserved 1048576K
}

Deoptimization events (10 events):
Event: 18.563 Thread 0x0000000018128000 Uncommon trap: reason=bimorphic action=maybe_recompile pc=0x00000000031ba8a4 method=java.lang.ClassLoader.getPackage(Ljava/lang/String;)Ljava/lang/Package; @ 47
Event: 18.565 Thread 0x0000000018128000 Uncommon trap: reason=bimorphic action=maybe_recompile pc=0x00000000031ba8a4 method=java.lang.ClassLoader.getPackage(Ljava/lang/String;)Ljava/lang/Package; @ 47
Event: 18.565 Thread 0x0000000018128000 Uncommon trap: reason=bimorphic action=maybe_recompile pc=0x00000000031ba8a4 method=java.lang.ClassLoader.getPackage(Ljava/lang/String;)Ljava/lang/Package; @ 47
Event: 18.659 Thread 0x0000000018128000 Uncommon trap: reason=unstable_if action=reinterpret pc=0x00000000032cbc90 method=java.lang.Integer.valueOf(I)Ljava/lang/Integer; @ 3
Event: 18.993 Thread 0x0000000018128000 Uncommon trap: reason=bimorphic action=maybe_recompile pc=0x000000000353f62c method=java.security.MessageDigest$Delegate.engineUpdate([BII)V @ 7
Event: 18.993 Thread 0x0000000018128000 Uncommon trap: reason=bimorphic action=maybe_recompile pc=0x000000000353f62c method=java.security.MessageDigest$Delegate.engineUpdate([BII)V @ 7
Event: 18.994 Thread 0x0000000018128000 Uncommon trap: reason=bimorphic action=maybe_recompile pc=0x000000000353df08 method=sun.security.provider.DigestBase.engineUpdate([BII)V @ 128
Event: 19.277 Thread 0x0000000018128000 Uncommon trap: reason=unstable_if action=reinterpret pc=0x000000000329aae8 method=java.util.HashMap.putVal(ILjava/lang/Object;Ljava/lang/Object;ZZ)Ljava/lang/Object; @ 162
Event: 19.277 Thread 0x0000000018128000 Uncommon trap: reason=unstable_if action=reinterpret pc=0x0000000002d4c03c method=java.util.HashMap.resize()[Ljava/util/HashMap$Node; @ 206
Event: 19.413 Thread 0x0000000018128000 Uncommon trap: reason=unstable_if action=reinterpret pc=0x00000000036e69c4 method=java.lang.reflect.Modifier.toString(I)Ljava/lang/String; @ 123

Internal exceptions (10 events):
Event: 18.386 Thread 0x0000000018128000 Exception <a 'java/lang/ClassNotFoundException': org/gradle/api/internal/file/FileOperationsBeanInfo> (0x00000000e1bce258) thrown at [C:\src\android\AOSP-openjdk\external\jetbrains\jdk\hotspot\src\share\vm\classfile\systemDictionary.cpp, line 210]
Event: 18.387 Thread 0x0000000018128000 Exception <a 'java/lang/ClassNotFoundException': org/gradle/api/internal/file/FileOperationsCustomizer> (0x00000000e1bf6528) thrown at [C:\src\android\AOSP-openjdk\external\jetbrains\jdk\hotspot\src\share\vm\classfile\systemDictionary.cpp, line 210]
Event: 18.389 Thread 0x0000000018128000 Exception <a 'java/lang/ClassNotFoundException': org/gradle/api/internal/ProcessOperationsBeanInfo> (0x00000000e1c39af8) thrown at [C:\src\android\AOSP-openjdk\external\jetbrains\jdk\hotspot\src\share\vm\classfile\systemDictionary.cpp, line 210]
Event: 18.391 Thread 0x0000000018128000 Exception <a 'java/lang/ClassNotFoundException': org/gradle/api/internal/ProcessOperationsCustomizer> (0x00000000e1c61348) thrown at [C:\src\android\AOSP-openjdk\external\jetbrains\jdk\hotspot\src\share\vm\classfile\systemDictionary.cpp, line 210]
Event: 18.545 Thread 0x0000000018128000 Exception <a 'java/lang/ClassNotFoundException': build_2yzfjft0mlzvqgxc1vvle3f9bBeanInfo> (0x00000000e1db5820) thrown at [C:\src\android\AOSP-openjdk\external\jetbrains\jdk\hotspot\src\share\vm\classfile\systemDictionary.cpp, line 210]
Event: 18.546 Thread 0x0000000018128000 Exception <a 'java/lang/ClassNotFoundException': build_2yzfjft0mlzvqgxc1vvle3f9bCustomizer> (0x00000000e1dc5a38) thrown at [C:\src\android\AOSP-openjdk\external\jetbrains\jdk\hotspot\src\share\vm\classfile\systemDictionary.cpp, line 210]
Event: 18.551 Thread 0x0000000018128000 Exception <a 'java/lang/ClassNotFoundException': org/gradle/api/internal/plugins/DefaultObjectConfigurationActionBeanInfo> (0x00000000e1e1f788) thrown at [C:\src\android\AOSP-openjdk\external\jetbrains\jdk\hotspot\src\share\vm\classfile\systemDictionary.cpíﬁxbç2@
Event: 18.552 Thread 0x0000000018128000 Exception <a 'java/lang/ClassNotFoundException': org/gradle/api/internal/plugins/DefaultObjectConfigurationActionCustomizer> (0x00000000e1e4f0a0) thrown at [C:\src\android\AOSP-openjdk\external\jetbrains\jdk\hotspot\src\share\vm\classfile\systemDictionary.Û`î¿˘ç2@
Event: 18.555 Thread 0x0000000018128000 Exception <a 'java/lang/ClassNotFoundException': org/gradle/api/plugins/ObjectConfigurationActionBeanInfo> (0x00000000e1e8d980) thrown at [C:\src\android\AOSP-openjdk\external\jetbrains\jdk\hotspot\src\share\vm\classfile\systemDictionary.cpp, line 210]
Event: 18.555 Thread 0x0000000018128000 Exception <a 'java/lang/ClassNotFoundException': org/gradle/api/plugins/ObjectConfigurationActionCustomizer> (0x00000000e1eb59f0) thrown at [C:\src\android\AOSP-openjdk\external\jetbrains\jdk\hotspot\src\share\vm\classfile\systemDictionary.cpp, line 210]

Events (10 events):
Event: 19.472 loading class java/net/Proxy
Event: 19.472 loading class java/net/Proxy done
Event: 19.476 loading class org/apache/tools/ant/taskdefs/condition/Condition
Event: 19.476 loading class org/apache/tools/ant/taskdefs/condition/Condition done
Event: 19.529 loading class org/gradle/api/plugins/JavaPluginConvention
Event: 19.529 loading class org/gradle/api/plugins/JavaPluginConvention done
Event: 19.532 loading class org/gradle/api/internal/tasks/DefaultSourceSetContainer
Event: 19.532 loading class org/gradle/api/internal/tasks/DefaultSourceSetContainer done
Event: 19.536 loading class org/gradle/api/tasks/SourceSetContainer
Event: 19.536 loading class org/gradle/api/tasks/SourceSetContainer done


Dynamic libraries:
0x00007ff653420000 - 0x00007ff653451000 	C:\Program Files\Android\Android Studio\jre\bin\java.exe
0x00007ffe80110000 - 0x00007ffe802d1000 	C:\WINDOWS\SYSTEM32\ntdll.dll
0x00007ffe7f7c0000 - 0x00007ffe7f86d000 	C:\WINDOWS\system32\KERNEL32.DLL
0x00007ffe7c7c0000 - 0x00007ffe7c9a8000 	C:\WINDOWS\system32\KERNELBASE.dll
0x00007ffe7ed30000 - 0x00007ffe7edd7000 	C:\WINDOWS\system32\ADVAPI32.dll
0x00007ffe7d530000 - 0x00007ffe7d5cd000 	C:\WINDOWS\system32\msvcrt.dll
0x00007ffe7f760000 - 0x00007ffe7f7bb000 	C:\WINDOWS\system32\sechost.dll
0x00007ffe7ec10000 - 0x00007ffe7ed2c000 	C:\WINDOWS\system32\RPCRT4.dll
0x00007ffe7f8b0000 - 0x00007ffe7fa06000 	C:\WINDOWS\system32\USER32.dll
0x00007ffe7f060000 - 0x00007ffe7f1e6000 	C:\WINDOWS\system32\GDI32.dll
0x00007ffe6ebf0000 - 0x00007ffe6ee64000 	C:\WINDOWS\WinSxS\amd64_microsoft.windows.common-controls_6595b64144ccf1df_6.0.10586.839_none_a2ddba30a539a2ae\COMCTL32.dll
0x00007ffe7ede0000 - 0x00007ffe7f05e000 	C:\WINDOWS\system32\combase.dll
0x00007ffe7d3f0000 - 0x00007ffe7d45a000 	C:\WINDOWS\system32\bcryptPrimitives.dll
0x00007ffe7f870000 - 0x00007ffe7f8ab000 	C:\WINDOWS\system32\IMM32.DLL
0x000000006b570000 - 0x000000006b642000 	C:\Program Files\Android\Android Studio\jre\jre\bin\msvcr100.dll
0x000000006f990000 - 0x00000000701cc000 	C:\Program Files\Android\Android Studio\jre\jre\bin\server\jvm.dll
0x00007ffe7ec00000 - 0x00007ffe7ec08000 	C:\WINDOWS\system32\PSAPI.DLL
0x00007ffe7a9b0000 - 0x00007ffe7a9d3000 	C:\WINDOWS\SYSTEM32\WINMM.dll
0x00007ffe6fa10000 - 0x00007ffe6fa19000 	C:\WINDOWS\SYSTEM32\WSOCK32.dll
0x00007ffe6fcf0000 - 0x00007ffe6fcfa000 	C:\WINDOWS\SYSTEM32\VERSION.dll
0x00007ffe800a0000 - 0x00007ffe8010b000 	C:\WINDOWS\system32\WS2_32.dll
0x0000000001070000 - 0x000000000109c000 	C:\WINDOWS\SYSTEM32\WINMMBASE.dll
0x00007ffe7d4c0000 - 0x00007ffe7d503000 	C:\WINDOWS\system32\cfgmgr32.dll
0x00007ffe7a040000 - 0x00007ffe7a04f000 	C:\Program Files\Android\Android Studio\jre\jre\bin\verify.dll
0x00007ffe72e10000 - 0x00007ffe72e39000 	C:\Program Files\Android\Android Studio\jre\jre\bin\java.dll
0x00007ffe786d0000 - 0x00007ffe786e6000 	C:\Program Files\Android\Android Studio\jre\jre\bin\zip.dll
0x00007ffe7d5d0000 - 0x00007ffe7eb2c000 	C:\WINDOWS\system32\SHELL32.dll
0x00007ffe7cda0000 - 0x00007ffe7d3e4000 	C:\WINDOWS\system32\windows.storage.dll
0x00007ffe7f680000 - 0x00007ffe7f6d2000 	C:\WINDOWS\system32\shlwapi.dll
0x00007ffe7c730000 - 0x00007ffe7c73f000 	C:\WINDOWS\system32\kernel.appcore.dll
0x00007ffe7cce0000 - 0x00007ffe7cd95000 	C:\WINDOWS\system32\shcore.dll
0x00007ffe7c760000 - 0x00007ffe7c7ab000 	C:\WINDOWS\system32\powrprof.dll
0x00007ffe7c740000 - 0x00007ffe7c754000 	C:\WINDOWS\system32\profapi.dll
0x00007ffe73310000 - 0x00007ffe7332a000 	C:\Program Files\Android\Android Studio\jre\jre\bin\net.dll
0x00007ffe7c000000 - 0x00007ffe7c05c000 	C:\WINDOWS\system32\mswsock.dll
0x00007ffe72d40000 - 0x00007ffe72d51000 	C:\Program Files\Android\Android Studio\jre\jre\bin\nio.dll
0x00007ffe68490000 - 0x00007ffe684ae000 	C:\Users\marti\.gradle\native\23\windows-amd64\native-platform.dll
0x00007ffe7c0b0000 - 0x00007ffe7c0c7000 	C:\WINDOWS\SYSTEM32\CRYPTSP.dll
0x00007ffe7bd40000 - 0x00007ffe7bd74000 	C:\WINDOWS\system32\rsaenh.dll
0x00007ffe7c670000 - 0x00007ffe7c699000 	C:\WINDOWS\SYSTEM32\bcrypt.dll
0x00007ffe7be90000 - 0x00007ffe7beaf000 	C:\WINDOWS\SYSTEM32\USERENV.dll
0x00007ffe7c650000 - 0x00007ffe7c65b000 	C:\WINDOWS\SYSTEM32\CRYPTBASE.dll
0x00007ffe749f0000 - 0x00007ffe74a28000 	C:\WINDOWS\SYSTEM32\IPHLPAPI.DLL
0x00007ffe7d510000 - 0x00007ffe7d518000 	C:\WINDOWS\system32\NSI.dll
0x00007ffe740c0000 - 0x00007ffe740d6000 	C:\WINDOWS\SYSTEM32\dhcpcsvc6.DLL
0x00007ffe74190000 - 0x00007ffe741aa000 	C:\WINDOWS\SYSTEM32\dhcpcsvc.DLL
0x00007ffe72a90000 - 0x00007ffe72a9d000 	C:\Program Files\Android\Android Studio\jre\jre\bin\management.dll

VM Arguments:
jvm_args: -Xmx1536m -Dfile.encoding=windows-1252 -Duser.country=US -Duser.language=en -Duser.variant 
java_command: org.gradle.launcher.daemon.bootstrap.GradleDaemon 3.3
java_class_path (initial): C:\Users\marti\.gradle\wrapper\dists\gradle-3.3-all\55gk2rcmfc6p2dg9u9ohc3hw9\gradle-3.3\lib\gradle-launcher-3.3.jar
Launcher Type: SUN_STANDARD

Environment Variables:
PATH=C:\ProgramData\Oracle\Java\javapath;C:\WINDOWS\system32;C:\Program Files (x86)\SumatraPDF;C:\WINDOWS;C:\WINDOWS\System32\Wbem;C:\WINDOWS\System32\WindowsPowerShell\v1.0\;C:\Program Files\MATLAB\R2015b\runtime\win64;C:\Program Files\MATLAB\R2015b\bin;C:\Program Files\Process Lasso;C:\Program Files\Intel\WiFi\bin\;C:\Program Files\Common Files\Intel\WirelessCommon\;C:\Program Files\Java\jdk1.8.0_91\bin
USERNAME=marti
OS=Windows_NT
PROCESSOR_IDENTIFIER=Intel64 Family 6 Model 61 Stepping 4, GenuineIntel



---------------  S Y S T E M  ---------------

OS: Windows 10.0 , 64 bit Build 10586 (10.0.10586.589)

CPU:total 4 (2 cores per cpu, 2 threads per core) family 6 model 61 stepping 4, cmov, cx8, fxsr, mmx, sse, sse2, sse3, ssse3, sse4.1, sse4.2, popcnt, avx, avx2, aes, clmul, erms, 3dnowpref, lzcnt, ht, tsc, tscinvbit, bmi1, bmi2, adx

Memory: 4k page, physical 6204496k(530680k free), swap 15726444k(4684k free)

vm_info: OpenJDK 64-Bit Server VM (25.112-b06) for windows-amd64 JRE (1.8.0_112-release-b06), built on Dec  8 2016 00:54:26 by "builder" with MS VC++ 10.0 (VS2010)

time: Tue May 23 14:54:03 2017
elapsed time: 19 seconds (0d 0h 0m 19s)

