#
# There is insufficient memory for the Java Runtime Environment to continue.
# Native memory allocation (malloc) failed to allocate 32744 bytes for ChunkPool::allocate
# Possible reasons:
#   The system is out of physical RAM or swap space
#   In 32 bit mode, the process size limit was hit
# Possible solutions:
#   Reduce memory load on the system
#   Increase physical memory or swap space
#   Check if swap backing store is full
#   Use 64 bit Java on a 64 bit OS
#   Decrease Java heap size (-Xmx/-Xms)
#   Decrease number of Java threads
#   Decrease Java thread stack sizes (-Xss)
#   Set larger code cache with -XX:ReservedCodeCacheSize=
# This output file may be truncated or incomplete.
#
#  Out of Memory Error (allocation.cpp:273), pid=3568, tid=0x0000000000000f48
#
# JRE version: OpenJDK Runtime Environment (8.0_112-b06) (build 1.8.0_112-release-b06)
# Java VM: OpenJDK 64-Bit Server VM (25.112-b06 mixed mode windows-amd64 compressed oops)
# Failed to write core dump. Minidumps are not enabled by default on client versions of Windows
#

---------------  T H R E A D  ---------------

Current thread (0x000000001682b800):  JavaThread "C2 CompilerThread0" daemon [_thread_in_native, id=3912, stack(0x0000000017e80000,0x0000000017f80000)]

Stack: [0x0000000017e80000,0x0000000017f80000]
[error occurred during error reporting (printing stack bounds), id 0xc0000005]

Native frames: (J=compiled Java code, j=interpreted, Vv=VM code, C=native code)


Current CompileTask:
C2:  86495 6068       4       org.gradle.model.internal.type.ModelType::wrap (219 bytes)


---------------  P R O C E S S  ---------------

Java Threads: ( => current thread )
  0x0000000019d37800 JavaThread "File lock request listener" [_thread_in_native, id=9488, stack(0x000000001e920000,0x000000001ea20000)]
  0x0000000019478000 JavaThread "Asynchronous log dispatcher for DefaultDaemonConnection: socket connection from /127.0.0.1:62166 to /127.0.0.1:62167" [_thread_blocked, id=12764, stack(0x000000001adb0000,0x000000001aeb0000)]
  0x0000000019475000 JavaThread "Daemon worker" [_thread_in_vm, id=2200, stack(0x000000001acb0000,0x000000001adb0000)]
  0x0000000019470000 JavaThread "Cancel handler" [_thread_blocked, id=232, stack(0x000000001abb0000,0x000000001acb0000)]
  0x0000000019611000 JavaThread "pool-1-thread-1" [_thread_blocked, id=8052, stack(0x000000001aab0000,0x000000001abb0000)]
  0x0000000019603000 JavaThread "Handler for socket connection from /127.0.0.1:62166 to /127.0.0.1:62167" [_thread_in_native, id=8744, stack(0x000000001a9b0000,0x000000001aab0000)]
  0x00000000195f8800 JavaThread "Daemon" [_thread_blocked, id=6660, stack(0x000000001a8b0000,0x000000001a9b0000)]
  0x0000000018fa6000 JavaThread "Incoming local TCP Connector on port 62166" [_thread_in_native, id=3708, stack(0x0000000019f50000,0x000000001a050000)]
  0x0000000018190800 JavaThread "Service Thread" daemon [_thread_blocked, id=9512, stack(0x0000000018580000,0x0000000018680000)]
  0x0000000016832800 JavaThread "C1 CompilerThread2" daemon [_thread_blocked, id=12960, stack(0x0000000018080000,0x0000000018180000)]
  0x000000001682d800 JavaThread "C2 CompilerThread1" daemon [_thread_blocked, id=11728, stack(0x0000000017f80000,0x0000000018080000)]
=>0x000000001682b800 JavaThread "C2 CompilerThread0" daemon [_thread_in_native, id=3912, stack(0x0000000017e80000,0x0000000017f80000)]
  0x000000001682a800 JavaThread "Attach Listener" daemon [_thread_blocked, id=12660, stack(0x0000000017d80000,0x0000000017e80000)]
  0x0000000016829000 JavaThread "Signal Dispatcher" daemon [_thread_blocked, id=2908, stack(0x0000000017c80000,0x0000000017d80000)]
  0x0000000016818800 JavaThread "Finalizer" daemon [_thread_blocked, id=6336, stack(0x0000000017aa0000,0x0000000017ba0000)]
  0x0000000002df2800 JavaThread "Reference Handler" daemon [_thread_blocked, id=9864, stack(0x00000000179a0000,0x0000000017aa0000)]
  0x0000000002d00800 JavaThread "main" [_thread_blocked, id=5740, stack(0x0000000001470000,0x0000000001570000)]

Other Threads:
  0x00000000167f5000 VMThread [stack: 0x00000000178a0000,0x00000000179a0000] [id=2732]
  0x0000000018192000 WatcherThread [stack: 0x0000000018680000,0x0000000018780000] [id=10756]

VM state:not at safepoint (normal execution)

VM Mutex/Monitor currently owned by a thread: None

Heap:
 PSYoungGen      total 87040K, used 79282K [0x00000000e0000000, 0x00000000e6180000, 0x0000000100000000)
  eden space 76288K, 90% used [0x00000000e0000000,0x00000000e43a8288,0x00000000e4a80000)
  from space 10752K, 93% used [0x00000000e5700000,0x00000000e60c4650,0x00000000e6180000)
  to   space 11776K, 0% used [0x00000000e4a80000,0x00000000e4a80000,0x00000000e5600000)
 ParOldGen       total 79360K, used 14363K [0x00000000a0000000, 0x00000000a4d80000, 0x00000000e0000000)
  object space 79360K, 18% used [0x00000000a0000000,0x00000000a0e06e48,0x00000000a4d80000)
 Metaspace       used 47937K, capacity 49394K, committed 49664K, reserved 1091584K
  class space    used 6475K, capacity 6796K, committed 6912K, reserved 1048576K

Card table byte_map: [0x0000000012280000,0x0000000012590000] byte_map_base: 0x0000000011d80000

Marking Bits: (ParMarkBitMap*) 0x00000000701518f0
 Begin Bits: [0x0000000012b90000, 0x0000000014390000)
 End Bits:   [0x0000000014390000, 0x0000000015b90000)

Polling page: 0x0000000001570000

CodeCache: size=245760Kb used=18801Kb max_used=18803Kb free=226958Kb
 bounds [0x0000000002ec0000, 0x0000000004130000, 0x0000000011ec0000]
 total_blobs=6124 nmethods=5383 adapters=653
 compilation: enabled

Compilation events (10 events):
Event: 86.254 Thread 0x0000000016832800 6127       1       org.gradle.execution.taskgraph.TaskInfo::getShouldSuccessors (5 bytes)
Event: 86.254 Thread 0x0000000016832800 nmethod 6127 0x000000000412d810 code [0x000000000412d960, 0x000000000412da70]
Event: 86.255 Thread 0x0000000016832800 6128       1       org.gradle.execution.taskgraph.DefaultTaskExecutionPlan$TaskInfoInVisitingSegment::access$200 (5 bytes)
Event: 86.255 Thread 0x0000000016832800 nmethod 6128 0x000000000412d550 code [0x000000000412d6a0, 0x000000000412d790]
Event: 86.263 Thread 0x0000000016832800 6129       3       org.gradle.internal.serialize.kryo.KryoBackedEncoder::writeSmallInt (11 bytes)
Event: 86.263 Thread 0x0000000016832800 nmethod 6129 0x000000000412d150 code [0x000000000412d2c0, 0x000000000412d468]
Event: 86.290 Thread 0x0000000016832800 6130       3       com.esotericsoftware.kryo.io.Output::writeInt (433 bytes)
Event: 86.290 Thread 0x0000000016832800 nmethod 6130 0x000000000412c390 code [0x000000000412c580, 0x000000000412ccc8]
Event: 86.294 Thread 0x0000000016832800 6131       3       com.google.common.collect.Maps::newHashMap (8 bytes)
Event: 86.295 Thread 0x0000000016832800 nmethod 6131 0x000000000412be50 code [0x000000000412bfc0, 0x000000000412c270]

GC Heap History (10 events):
Event: 38.962 GC heap before
{Heap before GC invocations=12 (full 1):
 PSYoungGen      total 57856K, used 23397K [0x00000000e0000000, 0x00000000e4980000, 0x0000000100000000)
  eden space 48640K, 29% used [0x00000000e0000000,0x00000000e0ddfdf8,0x00000000e2f80000)
  from space 9216K, 99% used [0x00000000e3a00000,0x00000000e42f9690,0x00000000e4300000)
  to   space 10752K, 0% used [0x00000000e2f80000,0x00000000e2f80000,0x00000000e3a00000)
 ParOldGen       total 54784K, used 9581K [0x00000000a0000000, 0x00000000a3580000, 0x00000000e0000000)
  object space 54784K, 17% used [0x00000000a0000000,0x00000000a095b5d8,0x00000000a3580000)
 Metaspace       used 34800K, capacity 35350K, committed 35496K, reserved 1079296K
  class space    used 4656K, capacity 4815K, committed 4864K, reserved 1048576K
Event: 38.977 GC heap after
Heap after GC invocations=12 (full 1):
 PSYoungGen      total 59392K, used 7999K [0x00000000e0000000, 0x00000000e5000000, 0x0000000100000000)
  eden space 48640K, 0% used [0x00000000e0000000,0x00000000e0000000,0x00000000e2f80000)
  from space 10752K, 74% used [0x00000000e2f80000,0x00000000e374ff68,0x00000000e3a00000)
  to   space 10752K, 0% used [0x00000000e4580000,0x00000000e4580000,0x00000000e5000000)
 ParOldGen       total 54784K, used 9589K [0x00000000a0000000, 0x00000000a3580000, 0x00000000e0000000)
  object space 54784K, 17% used [0x00000000a0000000,0x00000000a095d5d8,0x00000000a3580000)
 Metaspace       used 34800K, capacity 35350K, committed 35496K, reserved 1079296K
  class space    used 4656K, capacity 4815K, committed 4864K, reserved 1048576K
}
Event: 38.977 GC heap before
{Heap before GC invocations=13 (full 2):
 PSYoungGen      total 59392K, used 7999K [0x00000000e0000000, 0x00000000e5000000, 0x0000000100000000)
  eden space 48640K, 0% used [0x00000000e0000000,0x00000000e0000000,0x00000000e2f80000)
  from space 10752K, 74% used [0x00000000e2f80000,0x00000000e374ff68,0x00000000e3a00000)
  to   space 10752K, 0% used [0x00000000e4580000,0x00000000e4580000,0x00000000e5000000)
 ParOldGen       total 54784K, used 9589K [0x00000000a0000000, 0x00000000a3580000, 0x00000000e0000000)
  object space 54784K, 17% used [0x00000000a0000000,0x00000000a095d5d8,0x00000000a3580000)
 Metaspace       used 34800K, capacity 35350K, committed 35496K, reserved 1079296K
  class space    used 4656K, capacity 4815K, committed 4864K, reserved 1048576K
Event: 39.223 GC heap after
Heap after GC invocations=13 (full 2):
 PSYoungGen      total 59392K, used 0K [0x00000000e0000000, 0x00000000e5000000, 0x0000000100000000)
  eden space 48640K, 0% used [0x00000000e0000000,0x00000000e0000000,0x00000000e2f80000)
  from space 10752K, 0% used [0x00000000e2f80000,0x00000000e2f80000,0x00000000e3a00000)
  to   space 10752K, 0% used [0x00000000e4580000,0x00000000e4580000,0x00000000e5000000)
 ParOldGen       total 79360K, used 14339K [0x00000000a0000000, 0x00000000a4d80000, 0x00000000e0000000)
  object space 79360K, 18% used [0x00000000a0000000,0x00000000a0e00e48,0x00000000a4d80000)
 Metaspace       used 34800K, capacity 35350K, committed 35496K, reserved 1079296K
  class space    used 4656K, capacity 4815K, committed 4864K, reserved 1048576K
}
Event: 41.395 GC heap before
{Heap before GC invocations=14 (full 2):
 PSYoungGen      total 59392K, used 48640K [0x00000000e0000000, 0x00000000e5000000, 0x0000000100000000)
  eden space 48640K, 100% used [0x00000000e0000000,0x00000000e2f80000,0x00000000e2f80000)
  from space 10752K, 0% used [0x00000000e2f80000,0x00000000e2f80000,0x00000000e3a00000)
  to   space 10752K, 0% used [0x00000000e4580000,0x00000000e4580000,0x00000000e5000000)
 ParOldGen       total 79360K, used 14339K [0x00000000a0000000, 0x00000000a4d80000, 0x00000000e0000000)
  object space 79360K, 18% used [0x00000000a0000000,0x00000000a0e00e48,0x00000000a4d80000)
 Metaspace       used 37239K, capacity 38006K, committed 38272K, reserved 1083392K
  class space    used 4968K, capacity 5198K, committed 5248K, reserved 1048576K
Event: 41.490 GC heap after
Heap after GC invocations=14 (full 2):
 PSYoungGen      total 71168K, used 6432K [0x00000000e0000000, 0x00000000e5480000, 0x0000000100000000)
  eden space 60416K, 0% used [0x00000000e0000000,0x00000000e0000000,0x00000000e3b00000)
  from space 10752K, 59% used [0x00000000e4580000,0x00000000e4bc83b0,0x00000000e5000000)
  to   space 10752K, 0% used [0x00000000e3b00000,0x00000000e3b00000,0x00000000e4580000)
 ParOldGen       total 79360K, used 14347K [0x00000000a0000000, 0x00000000a4d80000, 0x00000000e0000000)
  object space 79360K, 18% used [0x00000000a0000000,0x00000000a0e02e48,0x00000000a4d80000)
 Metaspace       used 37239K, capacity 38006K, committed 38272K, reserved 1083392K
  class space    used 4968K, capacity 5198K, committed 5248K, reserved 1048576K
}
Event: 59.373 GC heap before
{Heap before GC invocations=15 (full 2):
 PSYoungGen      total 71168K, used 66848K [0x00000000e0000000, 0x00000000e5480000, 0x0000000100000000)
  eden space 60416K, 100% used [0x00000000e0000000,0x00000000e3b00000,0x00000000e3b00000)
  from space 10752K, 59% used [0x00000000e4580000,0x00000000e4bc83b0,0x00000000e5000000)
  to   space 10752K, 0% used [0x00000000e3b00000,0x00000000e3b00000,0x00000000e4580000)
 ParOldGen       total 79360K, used 14347K [0x00000000a0000000, 0x00000000a4d80000, 0x00000000e0000000)
  object space 79360K, 18% used [0x00000000a0000000,0x00000000a0e02e48,0x00000000a4d80000)
 Metaspace       used 42395K, capacity 43302K, committed 43648K, reserved 1087488K
  class space    used 5672K, capacity 5922K, committed 6016K, reserved 1048576K
Event: 59.400 GC heap after
Heap after GC invocations=15 (full 2):
 PSYoungGen      total 71168K, used 8268K [0x00000000e0000000, 0x00000000e6180000, 0x0000000100000000)
  eden space 60416K, 0% used [0x00000000e0000000,0x00000000e0000000,0x00000000e3b00000)
  from space 10752K, 76% used [0x00000000e3b00000,0x00000000e43131f8,0x00000000e4580000)
  to   space 10752K, 0% used [0x00000000e5700000,0x00000000e5700000,0x00000000e6180000)
 ParOldGen       total 79360K, used 14355K [0x00000000a0000000, 0x00000000a4d80000, 0x00000000e0000000)
  object space 79360K, 18% used [0x00000000a0000000,0x00000000a0e04e48,0x00000000a4d80000)
 Metaspace       used 42395K, capacity 43302K, committed 43648K, reserved 1087488K
  class space    used 5672K, capacity 5922K, committed 6016K, reserved 1048576K
}
Event: 77.578 GC heap before
{Heap before GC invocations=16 (full 2):
 PSYoungGen      total 71168K, used 68684K [0x00000000e0000000, 0x00000000e6180000, 0x0000000100000000)
  eden space 60416K, 100% used [0x00000000e0000000,0x00000000e3b00000,0x00000000e3b00000)
  from space 10752K, 76% used [0x00000000e3b00000,0x00000000e43131f8,0x00000000e4580000)
  to   space 10752K, 0% used [0x00000000e5700000,0x00000000e5700000,0x00000000e6180000)
 ParOldGen       total 79360K, used 14355K [0x00000000a0000000, 0x00000000a4d80000, 0x00000000e0000000)
  object space 79360K, 18% used [0x00000000a0000000,0x00000000a0e04e48,0x00000000a4d80000)
 Metaspace       used 44548K, capacity 45546K, committed 45696K, reserved 1089536K
  class space    used 5947K, capacity 6226K, committed 6272K, reserved 1048576K
Event: 77.622 GC heap after
Heap after GC invocations=16 (full 2):
 PSYoungGen      total 87040K, used 10001K [0x00000000e0000000, 0x00000000e6180000, 0x0000000100000000)
  eden space 76288K, 0% used [0x00000000e0000000,0x00000000e0000000,0x00000000e4a80000)
  from space 10752K, 93% used [0x00000000e5700000,0x00000000e60c4650,0x00000000e6180000)
  to   space 11776K, 0% used [0x00000000e4a80000,0x00000000e4a80000,0x00000000e5600000)
 ParOldGen       total 79360K, used 14363K [0x00000000a0000000, 0x00000000a4d80000, 0x00000000e0000000)
  object space 79360K, 18% used [0x00000000a0000000,0x00000000a0e06e48,0x00000000a4d80000)
 Metaspace       used 44548K, capacity 45546K, committed 45696K, reserved 1089536K
  class space    used 5947K, capacity 6226K, committed 6272K, reserved 1048576K
}

Deoptimization events (10 events):
Event: 85.806 Thread 0x0000000019475000 Uncommon trap: reason=unstable_if action=reinterpret pc=0x0000000003c799d0 method=org.codehaus.groovy.runtime.metaclass.MetaMethodIndex.copyNonPrivateNonNewMetaMethods(Lorg/codehaus/groovy/runtime/metaclass/MetaMethodIndex$Entry;Lorg/codehaus/groovy/runtim^IjõsU@
Event: 85.806 Thread 0x0000000019475000 Uncommon trap: reason=unstable_if action=reinterpret pc=0x000000000375cd00 method=groovy.lang.MetaClassImpl$1MOPIter.methodNameAction(Ljava/lang/Class;Lorg/codehaus/groovy/runtime/metaclass/MetaMethodIndex$Entry;)V @ 259
Event: 85.956 Thread 0x0000000019475000 Uncommon trap: reason=class_check action=maybe_recompile pc=0x0000000003c0d344 method=org.gradle.model.internal.type.ModelType.wrap(Ljava/lang/reflect/Type;)Lorg/gradle/model/internal/type/TypeWrapper; @ 33
Event: 85.956 Thread 0x0000000019475000 Uncommon trap: reason=class_check action=maybe_recompile pc=0x0000000003c0d550 method=org.gradle.model.internal.type.ModelType.wrap(Ljava/lang/reflect/Type;)Lorg/gradle/model/internal/type/TypeWrapper; @ 83
Event: 85.958 Thread 0x0000000019475000 Uncommon trap: reason=class_check action=maybe_recompile pc=0x0000000003c0d344 method=org.gradle.model.internal.type.ModelType.wrap(Ljava/lang/reflect/Type;)Lorg/gradle/model/internal/type/TypeWrapper; @ 33
Event: 85.958 Thread 0x0000000019475000 Uncommon trap: reason=class_check action=maybe_recompile pc=0x0000000003c0d550 method=org.gradle.model.internal.type.ModelType.wrap(Ljava/lang/reflect/Type;)Lorg/gradle/model/internal/type/TypeWrapper; @ 83
Event: 86.234 Thread 0x0000000019475000 Uncommon trap: reason=class_check action=maybe_recompile pc=0x0000000003f909a8 method=com.google.common.collect.AbstractMapBasedMultimap.put(Ljava/lang/Object;Ljava/lang/Object;)Z @ 10
Event: 86.234 Thread 0x0000000019475000 Uncommon trap: reason=class_check action=maybe_recompile pc=0x0000000003f909a8 method=com.google.common.collect.AbstractMapBasedMultimap.put(Ljava/lang/Object;Ljava/lang/Object;)Z @ 10
Event: 86.250 Thread 0x0000000019475000 Uncommon trap: reason=class_check action=maybe_recompile pc=0x0000000003f909a8 method=com.google.common.collect.AbstractMapBasedMultimap.put(Ljava/lang/Object;Ljava/lang/Object;)Z @ 10
Event: 86.250 Thread 0x0000000019475000 Uncommon trap: reason=class_check action=maybe_recompile pc=0x0000000003f909a8 method=com.google.common.collect.AbstractMapBasedMultimap.put(Ljava/lang/Object;Ljava/lang/Object;)Z @ 10

Internal exceptions (10 events):
Event: 85.861 Thread 0x0000000019475000 Exception <a 'java/lang/ClassNotFoundException': com/android/build/gradle/internal/tasks/DeviceProviderInstrumentTestTask_DecoratedBeanInfo> (0x00000000e38b12d0) thrown at [C:\src\android\AOSP-openjdk\external\jetbrains\jdk\hotspot\src\share\vm\classfile\s÷¬u"wU@
Event: 85.861 Thread 0x0000000019475000 Exception <a 'java/lang/ClassNotFoundException': com/android/build/gradle/internal/tasks/DeviceProviderInstrumentTestTaskBeanInfo> (0x00000000e38c8ad8) thrown at [C:\src\android\AOSP-openjdk\external\jetbrains\jdk\hotspot\src\share\vm\classfile\systemDictiHi ≈-wU@
Event: 85.862 Thread 0x0000000019475000 Exception <a 'java/lang/ClassNotFoundException': com/android/build/gradle/internal/tasks/DeviceProviderInstrumentTestTaskCustomizer> (0x00000000e38e0338) thrown at [C:\src\android\AOSP-openjdk\external\jetbrains\jdk\hotspot\src\share\vm\classfile\systemDicêqêMwU@
Event: 85.864 Thread 0x0000000019475000 Exception <a 'java/lang/ClassNotFoundException': com/android/build/gradle/internal/tasks/DeviceProviderInstrumentTestTask_DecoratedCustomizer> (0x00000000e392cc30) thrown at [C:\src\android\AOSP-openjdk\external\jetbrains\jdk\hotspot\src\share\vm\classfile}ÑF^U@
Event: 85.990 Thread 0x0000000019475000 Exception <a 'java/lang/ClassNotFoundException': org/gradle/platform/base/BinaryContainer_ImplBeanInfo> (0x00000000e3eea6d8) thrown at [C:\src\android\AOSP-openjdk\external\jetbrains\jdk\hotspot\src\share\vm\classfile\systemDictionary.cpp, line 210]
Event: 85.991 Thread 0x0000000019475000 Exception <a 'java/lang/ClassNotFoundException': org/gradle/model/internal/core/NodeBackedModelMapBeanInfo> (0x00000000e3efc610) thrown at [C:\src\android\AOSP-openjdk\external\jetbrains\jdk\hotspot\src\share\vm\classfile\systemDictionary.cpp, line 210]
Event: 85.991 Thread 0x0000000019475000 Exception <a 'java/lang/ClassNotFoundException': org/gradle/model/internal/core/ModelMapGroovyViewBeanInfo> (0x00000000e3f0e548) thrown at [C:\src\android\AOSP-openjdk\external\jetbrains\jdk\hotspot\src\share\vm\classfile\systemDictionary.cpp, line 210]
Event: 85.991 Thread 0x0000000019475000 Exception <a 'java/lang/ClassNotFoundException': org/gradle/model/internal/core/ModelMapGroovyViewCustomizer> (0x00000000e3f21028) thrown at [C:\src\android\AOSP-openjdk\external\jetbrains\jdk\hotspot\src\share\vm\classfile\systemDictionary.cpp, line 210]
Event: 85.993 Thread 0x0000000019475000 Exception <a 'java/lang/ClassNotFoundException': org/gradle/model/internal/core/NodeBackedModelMapCustomizer> (0x00000000e3f47030) thrown at [C:\src\android\AOSP-openjdk\external\jetbrains\jdk\hotspot\src\share\vm\classfile\systemDictionary.cpp, line 210]
Event: 85.995 Thread 0x0000000019475000 Exception <a 'java/lang/ClassNotFoundException': org/gradle/platform/base/BinaryContainer_ImplCustomizer> (0x00000000e3fa64e8) thrown at [C:\src\android\AOSP-openjdk\external\jetbrains\jdk\hotspot\src\share\vm\classfile\systemDictionary.cpp, line 210]

Events (10 events):
Event: 86.330 loading class com/google/common/io/CharSource
Event: 86.330 loading class com/google/common/io/CharSource done
Event: 86.363 loading class com/google/common/io/ByteSource$AsCharSource
Event: 86.363 loading class com/google/common/io/ByteSource$AsCharSource done
Event: 86.370 loading class com/google/common/io/Closer
Event: 86.370 loading class com/google/common/io/Closer done
Event: 86.380 loading class com/google/common/io/Closer$Suppressor
Event: 86.380 loading class com/google/common/io/Closer$Suppressor done
Event: 86.380 loading class com/google/common/io/Closer$SuppressingSuppressor
Event: 86.380 loading class com/google/common/io/Closer$SuppressingSuppressor done


Dynamic libraries:
0x00007ff694e00000 - 0x00007ff694e31000 	C:\Program Files\Android\Android Studio\jre\bin\java.exe
0x00007ffe80110000 - 0x00007ffe802d1000 	C:\WINDOWS\SYSTEM32\ntdll.dll
0x00007ffe7f7c0000 - 0x00007ffe7f86d000 	C:\WINDOWS\system32\KERNEL32.DLL
0x00007ffe7c7c0000 - 0x00007ffe7c9a8000 	C:\WINDOWS\system32\KERNELBASE.dll
0x00007ffe7ed30000 - 0x00007ffe7edd7000 	C:\WINDOWS\system32\ADVAPI32.dll
0x00007ffe7d530000 - 0x00007ffe7d5cd000 	C:\WINDOWS\system32\msvcrt.dll
0x00007ffe7f760000 - 0x00007ffe7f7bb000 	C:\WINDOWS\system32\sechost.dll
0x00007ffe7ec10000 - 0x00007ffe7ed2c000 	C:\WINDOWS\system32\RPCRT4.dll
0x00007ffe7f8b0000 - 0x00007ffe7fa06000 	C:\WINDOWS\system32\USER32.dll
0x00007ffe7f060000 - 0x00007ffe7f1e6000 	C:\WINDOWS\system32\GDI32.dll
0x00007ffe6ebf0000 - 0x00007ffe6ee64000 	C:\WINDOWS\WinSxS\amd64_microsoft.windows.common-controls_6595b64144ccf1df_6.0.10586.839_none_a2ddba30a539a2ae\COMCTL32.dll
0x00007ffe7ede0000 - 0x00007ffe7f05e000 	C:\WINDOWS\system32\combase.dll
0x00007ffe7d3f0000 - 0x00007ffe7d45a000 	C:\WINDOWS\system32\bcryptPrimitives.dll
0x00007ffe7f870000 - 0x00007ffe7f8ab000 	C:\WINDOWS\system32\IMM32.DLL
0x000000006f4f0000 - 0x000000006f5c2000 	C:\Program Files\Android\Android Studio\jre\jre\bin\msvcr100.dll
0x000000006f990000 - 0x00000000701cc000 	C:\Program Files\Android\Android Studio\jre\jre\bin\server\jvm.dll
0x00007ffe7ec00000 - 0x00007ffe7ec08000 	C:\WINDOWS\system32\PSAPI.DLL
0x00007ffe6fa10000 - 0x00007ffe6fa19000 	C:\WINDOWS\SYSTEM32\WSOCK32.dll
0x00007ffe7a9b0000 - 0x00007ffe7a9d3000 	C:\WINDOWS\SYSTEM32\WINMM.dll
0x00007ffe6fcf0000 - 0x00007ffe6fcfa000 	C:\WINDOWS\SYSTEM32\VERSION.dll
0x00007ffe800a0000 - 0x00007ffe8010b000 	C:\WINDOWS\system32\WS2_32.dll
0x0000000001040000 - 0x000000000106c000 	C:\WINDOWS\SYSTEM32\WINMMBASE.dll
0x00007ffe7d4c0000 - 0x00007ffe7d503000 	C:\WINDOWS\system32\cfgmgr32.dll
0x00007ffe7a040000 - 0x00007ffe7a04f000 	C:\Program Files\Android\Android Studio\jre\jre\bin\verify.dll
0x00007ffe72e10000 - 0x00007ffe72e39000 	C:\Program Files\Android\Android Studio\jre\jre\bin\java.dll
0x00007ffe786d0000 - 0x00007ffe786e6000 	C:\Program Files\Android\Android Studio\jre\jre\bin\zip.dll
0x00007ffe7d5d0000 - 0x00007ffe7eb2c000 	C:\WINDOWS\system32\SHELL32.dll
0x00007ffe7cda0000 - 0x00007ffe7d3e4000 	C:\WINDOWS\system32\windows.storage.dll
0x00007ffe7f680000 - 0x00007ffe7f6d2000 	C:\WINDOWS\system32\shlwapi.dll
0x00007ffe7c730000 - 0x00007ffe7c73f000 	C:\WINDOWS\system32\kernel.appcore.dll
0x00007ffe7cce0000 - 0x00007ffe7cd95000 	C:\WINDOWS\system32\shcore.dll
0x00007ffe7c760000 - 0x00007ffe7c7ab000 	C:\WINDOWS\system32\powrprof.dll
0x00007ffe7c740000 - 0x00007ffe7c754000 	C:\WINDOWS\system32\profapi.dll
0x00007ffe73310000 - 0x00007ffe7332a000 	C:\Program Files\Android\Android Studio\jre\jre\bin\net.dll
0x00007ffe7c000000 - 0x00007ffe7c05c000 	C:\WINDOWS\system32\mswsock.dll
0x00007ffe72d40000 - 0x00007ffe72d51000 	C:\Program Files\Android\Android Studio\jre\jre\bin\nio.dll
0x00007ffe692e0000 - 0x00007ffe692fe000 	C:\Users\marti\.gradle\native\23\windows-amd64\native-platform.dll
0x00007ffe7c0b0000 - 0x00007ffe7c0c7000 	C:\WINDOWS\SYSTEM32\CRYPTSP.dll
0x00007ffe7bd40000 - 0x00007ffe7bd74000 	C:\WINDOWS\system32\rsaenh.dll
0x00007ffe7c670000 - 0x00007ffe7c699000 	C:\WINDOWS\SYSTEM32\bcrypt.dll
0x00007ffe7be90000 - 0x00007ffe7beaf000 	C:\WINDOWS\SYSTEM32\USERENV.dll
0x00007ffe7c650000 - 0x00007ffe7c65b000 	C:\WINDOWS\SYSTEM32\CRYPTBASE.dll
0x00007ffe749f0000 - 0x00007ffe74a28000 	C:\WINDOWS\SYSTEM32\IPHLPAPI.DLL
0x00007ffe7d510000 - 0x00007ffe7d518000 	C:\WINDOWS\system32\NSI.dll
0x00007ffe740c0000 - 0x00007ffe740d6000 	C:\WINDOWS\SYSTEM32\dhcpcsvc6.DLL
0x00007ffe74190000 - 0x00007ffe741aa000 	C:\WINDOWS\SYSTEM32\dhcpcsvc.DLL
0x00007ffe7ad40000 - 0x00007ffe7ad4d000 	C:\Program Files\Android\Android Studio\jre\jre\bin\management.dll

VM Arguments:
jvm_args: -Xmx1536m -Dfile.encoding=windows-1252 -Duser.country=US -Duser.language=en -Duser.variant 
java_command: org.gradle.launcher.daemon.bootstrap.GradleDaemon 3.3
java_class_path (initial): C:\Users\marti\.gradle\wrapper\dists\gradle-3.3-all\55gk2rcmfc6p2dg9u9ohc3hw9\gradle-3.3\lib\gradle-launcher-3.3.jar
Launcher Type: SUN_STANDARD

Environment Variables:
PATH=C:\ProgramData\Oracle\Java\javapath;C:\WINDOWS\system32;C:\Program Files (x86)\SumatraPDF;C:\WINDOWS;C:\WINDOWS\System32\Wbem;C:\WINDOWS\System32\WindowsPowerShell\v1.0\;C:\Program Files\MATLAB\R2015b\runtime\win64;C:\Program Files\MATLAB\R2015b\bin;C:\Program Files\Process Lasso;C:\Program Files\Intel\WiFi\bin\;C:\Program Files\Common Files\Intel\WirelessCommon\;C:\Program Files\Java\jdk1.8.0_91\bin
USERNAME=marti
OS=Windows_NT
PROCESSOR_IDENTIFIER=Intel64 Family 6 Model 61 Stepping 4, GenuineIntel



---------------  S Y S T E M  ---------------

OS: Windows 10.0 , 64 bit Build 10586 (10.0.10586.589)

CPU:total 4 (2 cores per cpu, 2 threads per core) family 6 model 61 stepping 4, cmov, cx8, fxsr, mmx, sse, sse2, sse3, ssse3, sse4.1, sse4.2, popcnt, avx, avx2, aes, clmul, erms, 3dnowpref, lzcnt, ht, tsc, tscinvbit, bmi1, bmi2, adx

Memory: 4k page, physical 6204496k(357492k free), swap 16007976k(6292k free)

vm_info: OpenJDK 64-Bit Server VM (25.112-b06) for windows-amd64 JRE (1.8.0_112-release-b06), built on Dec  8 2016 00:54:26 by "builder" with MS VC++ 10.0 (VS2010)

time: Wed May 24 20:20:12 2017
elapsed time: 86 seconds (0d 0h 1m 26s)

